<?xml version="1.0" encoding="UTF-8"?>
<!-- Generated by org.testng.reporters.JUnitXMLReporter -->
<testsuite ignored="3" hostname="hanna-PC" failures="0" tests="1" name="Test" time="2.163" errors="0" timestamp="2025-02-12T11:22:54 IST">
  <testcase classname="projecttest.Projectlogintest" name="VerifyIsUserAbletoEnterValidCredentials" time="0.582"/>
  <testcase classname="projecttest.Projectlogintest" name="VerifyIsUserAbletoEnterInalidUserNameandInvalidPassword" time="0.0">
    <ignored/>
  </testcase> <!-- VerifyIsUserAbletoEnterInalidUserNameandInvalidPassword -->
  <testcase classname="projecttest.Projectlogintest" name="VerifyIsUserAbletoEnterValidUserNameandInvalidPassword" time="0.0">
    <ignored/>
  </testcase> <!-- VerifyIsUserAbletoEnterValidUserNameandInvalidPassword -->
  <testcase classname="projecttest.Projectlogintest" name="VerifyIsUserAbletoEnterInvalidUserNameandValidPassword" time="0.0">
    <ignored/>
  </testcase> <!-- VerifyIsUserAbletoEnterInvalidUserNameandValidPassword -->
</testsuite> <!-- Test -->
