<?xml version="1.0" encoding="UTF-8"?>
<testng-results ignored="0" total="1" passed="1" failed="0" skipped="0">
  <reporter-output>
  </reporter-output>
  <suite started-at="2025-02-19T15:47:18 IST" name="Default suite" finished-at="2025-02-19T15:47:23 IST" duration-ms="5652">
    <groups>
    </groups>
    <test started-at="2025-02-19T15:47:18 IST" name="Default test" finished-at="2025-02-19T15:47:23 IST" duration-ms="5652">
      <class name="projecttest.Projecthometest">
        <test-method is-config="true" signature="beforeMethod()[pri:0, instance:projecttest.Projecthometest@39529185]" started-at="2025-02-19T15:47:18 IST" name="beforeMethod" finished-at="2025-02-19T15:47:22 IST" duration-ms="4371" status="PASS">
          <reporter-output>
          </reporter-output>
        </test-method> <!-- beforeMethod -->
        <test-method signature="hometest()[pri:0, instance:projecttest.Projecthometest@39529185]" started-at="2025-02-19T15:47:22 IST" name="hometest" finished-at="2025-02-19T15:47:23 IST" duration-ms="1249" status="PASS">
          <reporter-output>
          </reporter-output>
        </test-method> <!-- hometest -->
      </class> <!-- projecttest.Projecthometest -->
    </test> <!-- Default test -->
  </suite> <!-- Default suite -->
</testng-results>
